<?xml version="1.0" encoding="UTF-8"?>
<!-- Generated by org.testng.reporters.JUnitReportReporter -->
<testsuite skipped="0" hostname="DESKTOP-TA93079" name="tests.LoginTest" tests="1" failures="0" timestamp="09 Nov 2020 19:30:28 GMT" time="22.955" errors="0">
  <testcase name="loginToHotel" time="22.955" classname="tests.LoginTest"/>
</testsuite> <!-- tests.LoginTest -->
