<?xml version="1.0" encoding="UTF-8"?>
<!-- Generated by org.testng.reporters.JUnitReportReporter -->
<testsuite skipped="0" hostname="DESKTOP-TA93079" name="tests.SelectProductTest" tests="1" failures="0" timestamp="07 Mar 2021 20:11:35 GMT" time="7.008" errors="0">
  <testcase name="readPDF" time="7.008" classname="tests.SelectProductTest"/>
</testsuite> <!-- tests.SelectProductTest -->
