<?xml version="1.0" encoding="UTF-8"?>
<!-- Generated by org.testng.reporters.JUnitReportReporter -->
<testsuite skipped="0" hostname="DESKTOP-TA93079" name="testNG.concepts.TestNGAnnotations" tests="4" failures="0" timestamp="09 Nov 2020 21:27:24 GMT" time="0.013" errors="0">
  <testcase name="test_without_priority" time="0.003" classname="testNG.concepts.TestNGAnnotations"/>
  <testcase name="test_one" time="0.001" classname="testNG.concepts.TestNGAnnotations"/>
  <testcase name="test_two" time="0.004" classname="testNG.concepts.TestNGAnnotations"/>
  <testcase name="test_three" time="0.005" classname="testNG.concepts.TestNGAnnotations"/>
</testsuite> <!-- testNG.concepts.TestNGAnnotations -->
