<?xml version="1.0" encoding="UTF-8"?>
<!-- Generated by org.testng.reporters.JUnitReportReporter -->
<testsuite skipped="0" hostname="DESKTOP-TA93079" name="testNG.concepts.TestNGGroups" tests="5" failures="0" timestamp="09 Nov 2020 21:27:24 GMT" time="0.018" errors="0">
  <testcase name="testRegression_two" time="0.003" classname="testNG.concepts.TestNGGroups"/>
  <testcase name="testSmoke" time="0.002" classname="testNG.concepts.TestNGGroups"/>
  <testcase name="testSmoke_two" time="0.007" classname="testNG.concepts.TestNGGroups"/>
  <testcase name="testRegression" time="0.003" classname="testNG.concepts.TestNGGroups"/>
  <testcase name="testSmoke_three" time="0.003" classname="testNG.concepts.TestNGGroups"/>
</testsuite> <!-- testNG.concepts.TestNGGroups -->
