<?xml version="1.0" encoding="UTF-8"?>
<!-- Generated by org.testng.reporters.JUnitReportReporter -->
<testsuite skipped="0" hostname="DESKTOP-TA93079" name="testNG.concepts.TestNGDependent" tests="3" failures="0" timestamp="09 Nov 2020 21:27:24 GMT" time="0.010" errors="0">
  <testcase name="test_OpenBrowser" time="0.007" classname="testNG.concepts.TestNGDependent"/>
  <testcase name="test_NavigateToURL" time="0.002" classname="testNG.concepts.TestNGDependent"/>
  <testcase name="test_SignINtoApplication" time="0.001" classname="testNG.concepts.TestNGDependent"/>
</testsuite> <!-- testNG.concepts.TestNGDependent -->
