<?xml version="1.0" encoding="UTF-8"?>
<!-- Generated by org.testng.reporters.JUnitReportReporter -->
<testsuite skipped="0" hostname="DESKTOP-TA93079" name="testNG.concepts.TestClassThree" tests="1" failures="0" timestamp="07 Nov 2020 22:59:05 GMT" time="0.014" errors="0">
  <testcase name="testThree" time="0.014" classname="testNG.concepts.TestClassThree"/>
</testsuite> <!-- testNG.concepts.TestClassThree -->
