<?xml version="1.0" encoding="UTF-8"?>
<!-- Generated by org.testng.reporters.JUnitReportReporter -->
<testsuite skipped="0" hostname="DESKTOP-TA93079" name="tests.RegisterUserTest" tests="2" failures="0" timestamp="14 Jan 2021 19:18:20 GMT" time="40.157" errors="0">
  <testcase name="registerUsers" time="19.746" classname="tests.RegisterUserTest"/>
  <testcase name="registerUsers" time="20.411" classname="tests.RegisterUserTest"/>
</testsuite> <!-- tests.RegisterUserTest -->
