<?xml version="1.0" encoding="UTF-8"?>
<!-- Generated by org.testng.reporters.JUnitReportReporter -->
<testsuite skipped="0" hostname="DESKTOP-TA93079" name="tests.ReadFromCSVfile" tests="1" failures="0" timestamp="07 Mar 2021 20:02:28 GMT" time="0.015" errors="0">
  <testcase name="readFromCSV" time="0.015" classname="tests.ReadFromCSVfile"/>
</testsuite> <!-- tests.ReadFromCSVfile -->
