<?xml version="1.0" encoding="UTF-8"?>
<!-- Generated by org.testng.reporters.JUnitReportReporter -->
<testsuite skipped="0" hostname="DESKTOP-TA93079" name="tests.DownloadFiles" tests="1" failures="0" timestamp="07 Mar 2021 04:58:15 GMT" time="16.114" errors="0">
  <testcase name="downloadFile" time="16.114" classname="tests.DownloadFiles"/>
</testsuite> <!-- tests.DownloadFiles -->
