<?xml version="1.0" encoding="UTF-8"?>
<!-- Generated by org.testng.reporters.JUnitReportReporter -->
<testsuite skipped="0" hostname="DESKTOP-TA93079" name="tests.LoginTest" tests="1" failures="0" timestamp="07 Nov 2020 01:30:00 GMT" time="14.534" errors="0">
  <testcase name="loginToHotel" time="14.534" classname="tests.LoginTest"/>
</testsuite> <!-- tests.LoginTest -->
