<?xml version="1.0" encoding="UTF-8"?>
<!-- Generated by org.testng.reporters.JUnitReportReporter -->
<testsuite skipped="0" hostname="DESKTOP-TA93079" name="tests.DownloadFiles" tests="1" failures="0" timestamp="08 Mar 2021 01:35:32 GMT" time="15.882" errors="0">
  <testcase name="downloadFile" time="15.882" classname="tests.DownloadFiles"/>
</testsuite> <!-- tests.DownloadFiles -->
