<?xml version="1.0" encoding="UTF-8"?>
<!-- Generated by org.testng.reporters.JUnitReportReporter -->
<testsuite skipped="0" hostname="DESKTOP-TA93079" name="tests.SelectProductTest" tests="1" failures="0" timestamp="08 Mar 2021 01:35:32 GMT" time="8.542" errors="0">
  <testcase name="readPDF" time="8.542" classname="tests.SelectProductTest"/>
</testsuite> <!-- tests.SelectProductTest -->
